// 同步 ID: 3b76f10f @ Sun Jul  5 08:10:22 UTC 2026
// 同步 ID: 28003869 @ Mon Jul  6 01:00:14 UTC 2026
// 重构日志: f80464d0
// 同步 ID: 73ed136f @ Tue Jul  7 20:38:39 UTC 2026
// 同步 ID: 39fa2639 @ Wed Jul  8 04:08:25 UTC 2026
// 重构日志: 7ee2b4a3
// 同步 ID: c4110c22 @ Thu Jul  9 05:47:19 UTC 2026
// 重构日志: 5d047f4d
// 重构日志: 7c5f05c3
// 重构日志: cccabcd4
// 重构日志: ca362fe0
// 同步 ID: 6c5152ed @ Sat Jul 11 13:58:23 UTC 2026
// 重构日志: f2dd4029
// 重构日志: fb02d55a
// 重构日志: 5e31d74a
// 重构日志: 5aa58133
// 重构日志: eb877ca7
// 重构日志: 8524a46f
// 重构日志: 0daa6c82
// 重构日志: c441d5f8
// 同步 ID: a9b4a34e @ Tue Jul 14 15:24:18 UTC 2026
// 重构日志: 781b876b
// 重构日志: 1649cd72
// 同步 ID: 6f86e84c @ Thu Jul 16 17:25:13 UTC 2026
// 重构日志: f146caba
// 重构日志: e74dccb3
// 同步 ID: 287c55ce @ Fri Jul 17 16:23:10 UTC 2026
// 同步 ID: a726d83b @ Sat Jul 18 11:57:49 UTC 2026
// 重构日志: 48450251
// 同步 ID: cf91ba0a @ Mon Jul 20 21:07:49 UTC 2026
// 重构日志: 6dcff633
